[Actions]
Set global coarseness to 4.243
[AddGeometry]
Name="Surface_1_1"
Name="Surface_2_1"
Name="Surface_3_1"
Name="Surface_4_1"
Name="Surface_5_1"
Name="Surface_6_1"
Name="Surface_7_1"
Name="Surface_8_1"
Name="Surface_9_1"
Name="Surface_10_1"
Name="Surface_11_1"
Name="Surface_12_1"
Name="Surface_13_1"
Name="Surface_15_1"
Name="Surface_17_1"
Name="Surface_19_1"
Name="Surface_21_1"
Name="Surface_23_1"
Name="Surface_25_1"
Name="Surface_27_1"
Name="Surface_29_1"
Name="Surface_31_1"
Name="Surface_33_1"
Name="Surface_35_1"
Name="Surface_37_1"
Name="Surface_14_1"
Name="Surface_16_1"
Name="Surface_18_1"
Name="Surface_20_1"
Name="Surface_22_1"
Name="Surface_24_1"
Name="Surface_26_1"
Name="Surface_28_1"
Name="Surface_30_1"
Name="Surface_32_1"
Name="Surface_34_1"
Name="Surface_36_1"
Name="Surface_38_1"
Name="Surface_14_2"
Name="Surface_16_2"
Name="Surface_18_2"
Name="Surface_20_2"
Name="Surface_22_2"
Name="Surface_24_2"
Name="Surface_26_2"
Name="Surface_28_2"
Name="Surface_30_2"
Name="Surface_32_2"
Name="Surface_34_2"
Name="Surface_36_2"
Name="Surface_38_2"
Name="Surface_13_2"
Name="Surface_15_2"
Name="Surface_17_2"
Name="Surface_19_2"
Name="Surface_21_2"
Name="Surface_23_2"
Name="Surface_25_2"
Name="Surface_27_2"
Name="Surface_29_2"
Name="Surface_31_2"
Name="Surface_33_2"
Name="Surface_35_2"
Name="Surface_37_2"
Name="Surface_1_2"
Name="Surface_2_2"
Name="Surface_3_2"
Name="Surface_4_2"
Name="Surface_5_2"
Name="Surface_6_2"
Name="Surface_7_2"
Name="Surface_8_2"
Name="Surface_9_2"
Name="Surface_10_2"
Name="Surface_11_2"
Name="Surface_12_2"
Name="BoreholeVolume_1_1"
Name="BoreholeVolume_2_1"
Name="BoreholeVolume_2_Volume_1_1"
Name="BoreholeVolume_2_Volume_3_1"
Name="BoreholeVolume_2_Volume_5_1"
Name="BoreholeVolume_2_Volume_7_1"
Name="BoreholeVolume_2_Volume_9_1"
Name="BoreholeVolume_2_Volume_11_1"
Name="BoreholeVolume_2_Volume_13_1"
Name="BoreholeVolume_2_Volume_15_1"
Name="BoreholeVolume_2_Volume_17_1"
Name="BoreholeVolume_2_Volume_19_1"
Name="BoreholeVolume_2_Volume_21_1"
Name="BoreholeVolume_2_Volume_23_1"
Name="BoreholeVolume_2_Volume_2_1"
Name="BoreholeVolume_2_Volume_4_1"
Name="BoreholeVolume_2_Volume_6_1"
Name="BoreholeVolume_2_Volume_8_1"
Name="BoreholeVolume_2_Volume_10_1"
Name="BoreholeVolume_2_Volume_12_1"
Name="BoreholeVolume_2_Volume_14_1"
Name="BoreholeVolume_2_Volume_16_1"
Name="BoreholeVolume_2_Volume_18_1"
Name="BoreholeVolume_2_Volume_20_1"
Name="BoreholeVolume_2_Volume_22_1"
Name="BoreholeVolume_2_Volume_24_1"
Name="BoreholeVolume_3_Volume_2_1"
Name="BoreholeVolume_3_Volume_4_1"
Name="BoreholeVolume_3_Volume_6_1"
Name="BoreholeVolume_3_Volume_8_1"
Name="BoreholeVolume_3_Volume_10_1"
Name="BoreholeVolume_3_Volume_12_1"
Name="BoreholeVolume_3_Volume_14_1"
Name="BoreholeVolume_3_Volume_16_1"
Name="BoreholeVolume_3_Volume_18_1"
Name="BoreholeVolume_3_Volume_20_1"
Name="BoreholeVolume_3_Volume_22_1"
Name="BoreholeVolume_3_Volume_24_1"
Name="BoreholeVolume_3_Volume_1_1"
Name="BoreholeVolume_3_Volume_3_1"
Name="BoreholeVolume_3_Volume_5_1"
Name="BoreholeVolume_3_Volume_7_1"
Name="BoreholeVolume_3_Volume_9_1"
Name="BoreholeVolume_3_Volume_11_1"
Name="BoreholeVolume_3_Volume_13_1"
Name="BoreholeVolume_3_Volume_15_1"
Name="BoreholeVolume_3_Volume_17_1"
Name="BoreholeVolume_3_Volume_19_1"
Name="BoreholeVolume_3_Volume_21_1"
Name="BoreholeVolume_3_Volume_23_1"
Name="BoreholeVolume_3_1"
[Actions]
Set global coarseness for "Surface_1_1" to 2.122
Set global coarseness for "Surface_2_1" to 2.122
Set global coarseness for "Surface_3_1" to 2.122
Set global coarseness for "Surface_4_1" to 2.122
Set global coarseness for "Surface_5_1" to 2.122
Set global coarseness for "Surface_6_1" to 2.122
Set global coarseness for "Surface_7_1" to 2.122
Set global coarseness for "Surface_8_1" to 2.122
Set global coarseness for "Surface_9_1" to 2.122
Set global coarseness for "Surface_10_1" to 2.122
Set global coarseness for "Surface_11_1" to 2.122
Set global coarseness for "Surface_12_1" to 2.122
Set global coarseness for "Surface_13_1" to 2.122
Set global coarseness for "Surface_15_1" to 2.122
Set global coarseness for "Surface_17_1" to 2.122
Set global coarseness for "Surface_19_1" to 2.122
Set global coarseness for "Surface_21_1" to 2.122
Set global coarseness for "Surface_23_1" to 2.122
Set global coarseness for "Surface_25_1" to 2.122
Set global coarseness for "Surface_27_1" to 2.122
Set global coarseness for "Surface_29_1" to 2.122
Set global coarseness for "Surface_31_1" to 2.122
Set global coarseness for "Surface_33_1" to 2.122
Set global coarseness for "Surface_35_1" to 2.122
Set global coarseness for "Surface_37_1" to 2.122
Set global coarseness for "Surface_14_1" to 2.122
Set global coarseness for "Surface_16_1" to 2.122
Set global coarseness for "Surface_18_1" to 2.122
Set global coarseness for "Surface_20_1" to 2.122
Set global coarseness for "Surface_22_1" to 2.122
Set global coarseness for "Surface_24_1" to 2.122
Set global coarseness for "Surface_26_1" to 2.122
Set global coarseness for "Surface_28_1" to 2.122
Set global coarseness for "Surface_30_1" to 2.122
Set global coarseness for "Surface_32_1" to 2.122
Set global coarseness for "Surface_34_1" to 2.122
Set global coarseness for "Surface_36_1" to 2.122
Set global coarseness for "Surface_38_1" to 2.122
Set global coarseness for "Surface_14_2" to 2.122
Set global coarseness for "Surface_16_2" to 2.122
Set global coarseness for "Surface_18_2" to 2.122
Set global coarseness for "Surface_20_2" to 2.122
Set global coarseness for "Surface_22_2" to 2.122
Set global coarseness for "Surface_24_2" to 2.122
Set global coarseness for "Surface_26_2" to 2.122
Set global coarseness for "Surface_28_2" to 2.122
Set global coarseness for "Surface_30_2" to 2.122
Set global coarseness for "Surface_32_2" to 2.122
Set global coarseness for "Surface_34_2" to 2.122
Set global coarseness for "Surface_36_2" to 2.122
Set global coarseness for "Surface_38_2" to 2.122
Set global coarseness for "Surface_13_2" to 2.122
Set global coarseness for "Surface_15_2" to 2.122
Set global coarseness for "Surface_17_2" to 2.122
Set global coarseness for "Surface_19_2" to 2.122
Set global coarseness for "Surface_21_2" to 2.122
Set global coarseness for "Surface_23_2" to 2.122
Set global coarseness for "Surface_25_2" to 2.122
Set global coarseness for "Surface_27_2" to 2.122
Set global coarseness for "Surface_29_2" to 2.122
Set global coarseness for "Surface_31_2" to 2.122
Set global coarseness for "Surface_33_2" to 2.122
Set global coarseness for "Surface_35_2" to 2.122
Set global coarseness for "Surface_37_2" to 2.122
Set global coarseness for "Surface_1_2" to 2.122
Set global coarseness for "Surface_2_2" to 2.122
Set global coarseness for "Surface_3_2" to 2.122
Set global coarseness for "Surface_4_2" to 2.122
Set global coarseness for "Surface_5_2" to 2.122
Set global coarseness for "Surface_6_2" to 2.122
Set global coarseness for "Surface_7_2" to 2.122
Set global coarseness for "Surface_8_2" to 2.122
Set global coarseness for "Surface_9_2" to 2.122
Set global coarseness for "Surface_10_2" to 2.122
Set global coarseness for "Surface_11_2" to 2.122
Set global coarseness for "Surface_12_2" to 2.122
[AddFeature]
FaceDuplication(Name="NegativeInterfaceFor_Surface_2_2", Geometry="Surface_2_2", Direction="ffddNegativeNormal"
ConstructingFeature(Name="Surface_2_2", Geometry="Surface_2_2", Shape="fesTriangle", PolynomialOrder=2, Family="fefUndefined"
FaceDuplication(Name="NegativeInterfaceFor_Surface_5_2", Geometry="Surface_5_2", Direction="ffddNegativeNormal"
ConstructingFeature(Name="Surface_5_2", Geometry="Surface_5_2", Shape="fesTriangle", PolynomialOrder=2, Family="fefUndefined"
ConstructingFeature(Name="Surface_32_1", Geometry="Surface_32_1", Shape="fesTriangle", PolynomialOrder=2, Family="fefUndefined"
FaceDuplication(Name="NegativeInterfaceFor_Surface_1_1", Geometry="Surface_1_1", Direction="ffddNegativeNormal"
ConstructingFeature(Name="Surface_1_1", Geometry="Surface_1_1", Shape="fesTriangle", PolynomialOrder=2, Family="fefUndefined"
FaceDuplication(Name="NegativeInterfaceFor_Surface_3_1", Geometry="Surface_3_1", Direction="ffddNegativeNormal"
ConstructingFeature(Name="Surface_3_1", Geometry="Surface_3_1", Shape="fesTriangle", PolynomialOrder=2, Family="fefUndefined"
ConstructingFeature(Name="BoreholeVolume_3_Volume_2_1", Geometry="BoreholeVolume_3_Volume_2_1", Shape="fesTetrahedron", PolynomialOrder=2, Family="fefUndefined"
ConstructingFeature(Name="BoreholeVolume_3_Volume_6_1", Geometry="BoreholeVolume_3_Volume_6_1", Shape="fesTetrahedron", PolynomialOrder=2, Family="fefUndefined"
ConstructingFeature(Name="BoreholeVolume_3_Volume_3_1", Geometry="BoreholeVolume_3_Volume_3_1", Shape="fesTetrahedron", PolynomialOrder=2, Family="fefUndefined"
ConstructingFeature(Name="BoreholeVolume_3_Volume_7_1", Geometry="BoreholeVolume_3_Volume_7_1", Shape="fesTetrahedron", PolynomialOrder=2, Family="fefUndefined"
FaceDuplication(Name="NegativeInterfaceFor_Surface_9_1", Geometry="Surface_9_1", Direction="ffddNegativeNormal"
ConstructingFeature(Name="Surface_9_1", Geometry="Surface_9_1", Shape="fesTriangle", PolynomialOrder=2, Family="fefUndefined"
FaceDuplication(Name="NegativeInterfaceFor_Surface_5_1", Geometry="Surface_5_1", Direction="ffddNegativeNormal"
ConstructingFeature(Name="Surface_5_1", Geometry="Surface_5_1", Shape="fesTriangle", PolynomialOrder=2, Family="fefUndefined"
ConstructingFeature(Name="Surface_13_1", Geometry="Surface_13_1", Shape="fesTriangle", PolynomialOrder=2, Family="fefUndefined"
ConstructingFeature(Name="Surface_25_1", Geometry="Surface_25_1", Shape="fesTriangle", PolynomialOrder=2, Family="fefUndefined"
ConstructingFeature(Name="BoreholeVolume_1_1", Geometry="BoreholeVolume_1_1", Shape="fesTetrahedron", PolynomialOrder=2, Family="fefUndefined"
ConstructingFeature(Name="Surface_16_2", Geometry="Surface_16_2", Shape="fesTriangle", PolynomialOrder=2, Family="fefUndefined"
ConstructingFeature(Name="Surface_24_2", Geometry="Surface_24_2", Shape="fesTriangle", PolynomialOrder=2, Family="fefUndefined"
ConstructingFeature(Name="Surface_33_1", Geometry="Surface_33_1", Shape="fesTriangle", PolynomialOrder=2, Family="fefUndefined"
ConstructingFeature(Name="Surface_35_1", Geometry="Surface_35_1", Shape="fesTriangle", PolynomialOrder=2, Family="fefUndefined"
ConstructingFeature(Name="Surface_14_1", Geometry="Surface_14_1", Shape="fesTriangle", PolynomialOrder=2, Family="fefUndefined"
ConstructingFeature(Name="Surface_18_1", Geometry="Surface_18_1", Shape="fesTriangle", PolynomialOrder=2, Family="fefUndefined"
ConstructingFeature(Name="Surface_22_1", Geometry="Surface_22_1", Shape="fesTriangle", PolynomialOrder=2, Family="fefUndefined"
ConstructingFeature(Name="Surface_13_2", Geometry="Surface_13_2", Shape="fesTriangle", PolynomialOrder=2, Family="fefUndefined"
ConstructingFeature(Name="Surface_17_2", Geometry="Surface_17_2", Shape="fesTriangle", PolynomialOrder=2, Family="fefUndefined"
ConstructingFeature(Name="Surface_23_2", Geometry="Surface_23_2", Shape="fesTriangle", PolynomialOrder=2, Family="fefUndefined"
FaceDuplication(Name="NegativeInterfaceFor_Surface_11_2", Geometry="Surface_11_2", Direction="ffddNegativeNormal"
ConstructingFeature(Name="Surface_11_2", Geometry="Surface_11_2", Shape="fesTriangle", PolynomialOrder=2, Family="fefUndefined"
ConstructingFeature(Name="BoreholeVolume_2_Volume_3_1", Geometry="BoreholeVolume_2_Volume_3_1", Shape="fesTetrahedron", PolynomialOrder=2, Family="fefUndefined"
ConstructingFeature(Name="BoreholeVolume_2_Volume_17_1", Geometry="BoreholeVolume_2_Volume_17_1", Shape="fesTetrahedron", PolynomialOrder=2, Family="fefUndefined"
ConstructingFeature(Name="BoreholeVolume_2_Volume_12_1", Geometry="BoreholeVolume_2_Volume_12_1", Shape="fesTetrahedron", PolynomialOrder=2, Family="fefUndefined"
ConstructingFeature(Name="BoreholeVolume_2_Volume_16_1", Geometry="BoreholeVolume_2_Volume_16_1", Shape="fesTetrahedron", PolynomialOrder=2, Family="fefUndefined"
ConstructingFeature(Name="BoreholeVolume_2_Volume_20_1", Geometry="BoreholeVolume_2_Volume_20_1", Shape="fesTetrahedron", PolynomialOrder=2, Family="fefUndefined"
FaceDuplication(Name="NegativeInterfaceFor_Surface_1_2", Geometry="Surface_1_2", Direction="ffddNegativeNormal"
ConstructingFeature(Name="Surface_1_2", Geometry="Surface_1_2", Shape="fesTriangle", PolynomialOrder=2, Family="fefUndefined"
FaceDuplication(Name="NegativeInterfaceFor_Surface_7_2", Geometry="Surface_7_2", Direction="ffddNegativeNormal"
ConstructingFeature(Name="Surface_7_2", Geometry="Surface_7_2", Shape="fesTriangle", PolynomialOrder=2, Family="fefUndefined"
ConstructingFeature(Name="BoreholeVolume_2_Volume_24_1", Geometry="BoreholeVolume_2_Volume_24_1", Shape="fesTetrahedron", PolynomialOrder=2, Family="fefUndefined"
ConstructingFeature(Name="BoreholeVolume_3_Volume_12_1", Geometry="BoreholeVolume_3_Volume_12_1", Shape="fesTetrahedron", PolynomialOrder=2, Family="fefUndefined"
ConstructingFeature(Name="BoreholeVolume_3_Volume_16_1", Geometry="BoreholeVolume_3_Volume_16_1", Shape="fesTetrahedron", PolynomialOrder=2, Family="fefUndefined"
ConstructingFeature(Name="BoreholeVolume_3_Volume_20_1", Geometry="BoreholeVolume_3_Volume_20_1", Shape="fesTetrahedron", PolynomialOrder=2, Family="fefUndefined"
ConstructingFeature(Name="BoreholeVolume_3_Volume_24_1", Geometry="BoreholeVolume_3_Volume_24_1", Shape="fesTetrahedron", PolynomialOrder=2, Family="fefUndefined"
ConstructingFeature(Name="BoreholeVolume_3_Volume_13_1", Geometry="BoreholeVolume_3_Volume_13_1", Shape="fesTetrahedron", PolynomialOrder=2, Family="fefUndefined"
ConstructingFeature(Name="BoreholeVolume_3_Volume_17_1", Geometry="BoreholeVolume_3_Volume_17_1", Shape="fesTetrahedron", PolynomialOrder=2, Family="fefUndefined"
ConstructingFeature(Name="BoreholeVolume_3_Volume_21_1", Geometry="BoreholeVolume_3_Volume_21_1", Shape="fesTetrahedron", PolynomialOrder=2, Family="fefUndefined"
FaceDuplication(Name="NegativeInterfaceFor_Surface_8_1", Geometry="Surface_8_1", Direction="ffddNegativeNormal"
ConstructingFeature(Name="Surface_8_1", Geometry="Surface_8_1", Shape="fesTriangle", PolynomialOrder=2, Family="fefUndefined"
FaceDuplication(Name="NegativeInterfaceFor_Surface_11_1", Geometry="Surface_11_1", Direction="ffddNegativeNormal"
ConstructingFeature(Name="Surface_11_1", Geometry="Surface_11_1", Shape="fesTriangle", PolynomialOrder=2, Family="fefUndefined"
ConstructingFeature(Name="Surface_17_1", Geometry="Surface_17_1", Shape="fesTriangle", PolynomialOrder=2, Family="fefUndefined"
ConstructingFeature(Name="Surface_21_1", Geometry="Surface_21_1", Shape="fesTriangle", PolynomialOrder=2, Family="fefUndefined"
ConstructingFeature(Name="Surface_36_2", Geometry="Surface_36_2", Shape="fesTriangle", PolynomialOrder=2, Family="fefUndefined"
FaceDuplication(Name="NegativeInterfaceFor_Surface_8_2", Geometry="Surface_8_2", Direction="ffddNegativeNormal"
ConstructingFeature(Name="Surface_8_2", Geometry="Surface_8_2", Shape="fesTriangle", PolynomialOrder=2, Family="fefUndefined"
FaceDuplication(Name="NegativeInterfaceFor_Surface_12_2", Geometry="Surface_12_2", Direction="ffddNegativeNormal"
ConstructingFeature(Name="Surface_12_2", Geometry="Surface_12_2", Shape="fesTriangle", PolynomialOrder=2, Family="fefUndefined"
ConstructingFeature(Name="BoreholeVolume_2_Volume_7_1", Geometry="BoreholeVolume_2_Volume_7_1", Shape="fesTetrahedron", PolynomialOrder=2, Family="fefUndefined"
ConstructingFeature(Name="BoreholeVolume_2_Volume_11_1", Geometry="BoreholeVolume_2_Volume_11_1", Shape="fesTetrahedron", PolynomialOrder=2, Family="fefUndefined"
ConstructingFeature(Name="BoreholeVolume_2_Volume_21_1", Geometry="BoreholeVolume_2_Volume_21_1", Shape="fesTetrahedron", PolynomialOrder=2, Family="fefUndefined"
ConstructingFeature(Name="BoreholeVolume_2_Volume_23_1", Geometry="BoreholeVolume_2_Volume_23_1", Shape="fesTetrahedron", PolynomialOrder=2, Family="fefUndefined"
ConstructingFeature(Name="BoreholeVolume_2_Volume_4_1", Geometry="BoreholeVolume_2_Volume_4_1", Shape="fesTetrahedron", PolynomialOrder=2, Family="fefUndefined"
ConstructingFeature(Name="BoreholeVolume_2_Volume_8_1", Geometry="BoreholeVolume_2_Volume_8_1", Shape="fesTetrahedron", PolynomialOrder=2, Family="fefUndefined"
ConstructingFeature(Name="Surface_34_1", Geometry="Surface_34_1", Shape="fesTriangle", PolynomialOrder=2, Family="fefUndefined"
ConstructingFeature(Name="Surface_38_1", Geometry="Surface_38_1", Shape="fesTriangle", PolynomialOrder=2, Family="fefUndefined"
ConstructingFeature(Name="Surface_28_2", Geometry="Surface_28_2", Shape="fesTriangle", PolynomialOrder=2, Family="fefUndefined"
ConstructingFeature(Name="Surface_32_2", Geometry="Surface_32_2", Shape="fesTriangle", PolynomialOrder=2, Family="fefUndefined"
ConstructingFeature(Name="Surface_27_1", Geometry="Surface_27_1", Shape="fesTriangle", PolynomialOrder=2, Family="fefUndefined"
ConstructingFeature(Name="Surface_31_1", Geometry="Surface_31_1", Shape="fesTriangle", PolynomialOrder=2, Family="fefUndefined"
ConstructingFeature(Name="Surface_26_1", Geometry="Surface_26_1", Shape="fesTriangle", PolynomialOrder=2, Family="fefUndefined"
ConstructingFeature(Name="Surface_25_2", Geometry="Surface_25_2", Shape="fesTriangle", PolynomialOrder=2, Family="fefUndefined"
ConstructingFeature(Name="Surface_29_2", Geometry="Surface_29_2", Shape="fesTriangle", PolynomialOrder=2, Family="fefUndefined"
ConstructingFeature(Name="Surface_33_2", Geometry="Surface_33_2", Shape="fesTriangle", PolynomialOrder=2, Family="fefUndefined"
ConstructingFeature(Name="Surface_37_2", Geometry="Surface_37_2", Shape="fesTriangle", PolynomialOrder=2, Family="fefUndefined"
FaceDuplication(Name="NegativeInterfaceFor_Surface_4_2", Geometry="Surface_4_2", Direction="ffddNegativeNormal"
ConstructingFeature(Name="Surface_4_2", Geometry="Surface_4_2", Shape="fesTriangle", PolynomialOrder=2, Family="fefUndefined"
ConstructingFeature(Name="Surface_30_1", Geometry="Surface_30_1", Shape="fesTriangle", PolynomialOrder=2, Family="fefUndefined"
FaceDuplication(Name="NegativeInterfaceFor_Surface_2_1", Geometry="Surface_2_1", Direction="ffddNegativeNormal"
ConstructingFeature(Name="Surface_2_1", Geometry="Surface_2_1", Shape="fesTriangle", PolynomialOrder=2, Family="fefUndefined"
ConstructingFeature(Name="BoreholeVolume_3_Volume_4_1", Geometry="BoreholeVolume_3_Volume_4_1", Shape="fesTetrahedron", PolynomialOrder=2, Family="fefUndefined"
ConstructingFeature(Name="BoreholeVolume_3_Volume_10_1", Geometry="BoreholeVolume_3_Volume_10_1", Shape="fesTetrahedron", PolynomialOrder=2, Family="fefUndefined"
ConstructingFeature(Name="BoreholeVolume_3_Volume_1_1", Geometry="BoreholeVolume_3_Volume_1_1", Shape="fesTetrahedron", PolynomialOrder=2, Family="fefUndefined"
ConstructingFeature(Name="BoreholeVolume_3_Volume_5_1", Geometry="BoreholeVolume_3_Volume_5_1", Shape="fesTetrahedron", PolynomialOrder=2, Family="fefUndefined"
ConstructingFeature(Name="BoreholeVolume_3_Volume_9_1", Geometry="BoreholeVolume_3_Volume_9_1", Shape="fesTetrahedron", PolynomialOrder=2, Family="fefUndefined"
FaceDuplication(Name="NegativeInterfaceFor_Surface_4_1", Geometry="Surface_4_1", Direction="ffddNegativeNormal"
ConstructingFeature(Name="Surface_4_1", Geometry="Surface_4_1", Shape="fesTriangle", PolynomialOrder=2, Family="fefUndefined"
FaceDuplication(Name="NegativeInterfaceFor_Surface_6_1", Geometry="Surface_6_1", Direction="ffddNegativeNormal"
ConstructingFeature(Name="Surface_6_1", Geometry="Surface_6_1", Shape="fesTriangle", PolynomialOrder=2, Family="fefUndefined"
ConstructingFeature(Name="Surface_15_1", Geometry="Surface_15_1", Shape="fesTriangle", PolynomialOrder=2, Family="fefUndefined"
ConstructingFeature(Name="Surface_19_1", Geometry="Surface_19_1", Shape="fesTriangle", PolynomialOrder=2, Family="fefUndefined"
ConstructingFeature(Name="Surface_14_2", Geometry="Surface_14_2", Shape="fesTriangle", PolynomialOrder=2, Family="fefUndefined"
ConstructingFeature(Name="Surface_18_2", Geometry="Surface_18_2", Shape="fesTriangle", PolynomialOrder=2, Family="fefUndefined"
ConstructingFeature(Name="Surface_29_1", Geometry="Surface_29_1", Shape="fesTriangle", PolynomialOrder=2, Family="fefUndefined"
ConstructingFeature(Name="Surface_16_1", Geometry="Surface_16_1", Shape="fesTriangle", PolynomialOrder=2, Family="fefUndefined"
ConstructingFeature(Name="Surface_20_1", Geometry="Surface_20_1", Shape="fesTriangle", PolynomialOrder=2, Family="fefUndefined"
ConstructingFeature(Name="Surface_24_1", Geometry="Surface_24_1", Shape="fesTriangle", PolynomialOrder=2, Family="fefUndefined"
ConstructingFeature(Name="Surface_38_2", Geometry="Surface_38_2", Shape="fesTriangle", PolynomialOrder=2, Family="fefUndefined"
ConstructingFeature(Name="Surface_15_2", Geometry="Surface_15_2", Shape="fesTriangle", PolynomialOrder=2, Family="fefUndefined"
ConstructingFeature(Name="Surface_21_2", Geometry="Surface_21_2", Shape="fesTriangle", PolynomialOrder=2, Family="fefUndefined"
FaceDuplication(Name="NegativeInterfaceFor_Surface_9_2", Geometry="Surface_9_2", Direction="ffddNegativeNormal"
ConstructingFeature(Name="Surface_9_2", Geometry="Surface_9_2", Shape="fesTriangle", PolynomialOrder=2, Family="fefUndefined"
ConstructingFeature(Name="BoreholeVolume_2_Volume_5_1", Geometry="BoreholeVolume_2_Volume_5_1", Shape="fesTetrahedron", PolynomialOrder=2, Family="fefUndefined"
ConstructingFeature(Name="BoreholeVolume_2_Volume_9_1", Geometry="BoreholeVolume_2_Volume_9_1", Shape="fesTetrahedron", PolynomialOrder=2, Family="fefUndefined"
ConstructingFeature(Name="BoreholeVolume_2_Volume_15_1", Geometry="BoreholeVolume_2_Volume_15_1", Shape="fesTetrahedron", PolynomialOrder=2, Family="fefUndefined"
ConstructingFeature(Name="BoreholeVolume_2_Volume_14_1", Geometry="BoreholeVolume_2_Volume_14_1", Shape="fesTetrahedron", PolynomialOrder=2, Family="fefUndefined"
ConstructingFeature(Name="BoreholeVolume_2_Volume_18_1", Geometry="BoreholeVolume_2_Volume_18_1", Shape="fesTetrahedron", PolynomialOrder=2, Family="fefUndefined"
ConstructingFeature(Name="BoreholeVolume_2_Volume_22_1", Geometry="BoreholeVolume_2_Volume_22_1", Shape="fesTetrahedron", PolynomialOrder=2, Family="fefUndefined"
FaceDuplication(Name="NegativeInterfaceFor_Surface_3_2", Geometry="Surface_3_2", Direction="ffddNegativeNormal"
ConstructingFeature(Name="Surface_3_2", Geometry="Surface_3_2", Shape="fesTriangle", PolynomialOrder=2, Family="fefUndefined"
FaceDuplication(Name="NegativeInterfaceFor_Surface_6_2", Geometry="Surface_6_2", Direction="ffddNegativeNormal"
ConstructingFeature(Name="Surface_6_2", Geometry="Surface_6_2", Shape="fesTriangle", PolynomialOrder=2, Family="fefUndefined"
ConstructingFeature(Name="BoreholeVolume_3_Volume_8_1", Geometry="BoreholeVolume_3_Volume_8_1", Shape="fesTetrahedron", PolynomialOrder=2, Family="fefUndefined"
ConstructingFeature(Name="BoreholeVolume_3_Volume_14_1", Geometry="BoreholeVolume_3_Volume_14_1", Shape="fesTetrahedron", PolynomialOrder=2, Family="fefUndefined"
ConstructingFeature(Name="BoreholeVolume_3_Volume_18_1", Geometry="BoreholeVolume_3_Volume_18_1", Shape="fesTetrahedron", PolynomialOrder=2, Family="fefUndefined"
ConstructingFeature(Name="BoreholeVolume_3_Volume_22_1", Geometry="BoreholeVolume_3_Volume_22_1", Shape="fesTetrahedron", PolynomialOrder=2, Family="fefUndefined"
ConstructingFeature(Name="BoreholeVolume_3_Volume_11_1", Geometry="BoreholeVolume_3_Volume_11_1", Shape="fesTetrahedron", PolynomialOrder=2, Family="fefUndefined"
ConstructingFeature(Name="BoreholeVolume_3_Volume_15_1", Geometry="BoreholeVolume_3_Volume_15_1", Shape="fesTetrahedron", PolynomialOrder=2, Family="fefUndefined"
ConstructingFeature(Name="BoreholeVolume_3_Volume_19_1", Geometry="BoreholeVolume_3_Volume_19_1", Shape="fesTetrahedron", PolynomialOrder=2, Family="fefUndefined"
ConstructingFeature(Name="BoreholeVolume_3_Volume_23_1", Geometry="BoreholeVolume_3_Volume_23_1", Shape="fesTetrahedron", PolynomialOrder=2, Family="fefUndefined"
ConstructingFeature(Name="BoreholeVolume_3_1", Geometry="BoreholeVolume_3_1", Shape="fesTetrahedron", PolynomialOrder=2, Family="fefUndefined"
FaceDuplication(Name="NegativeInterfaceFor_Surface_7_1", Geometry="Surface_7_1", Direction="ffddNegativeNormal"
ConstructingFeature(Name="Surface_7_1", Geometry="Surface_7_1", Shape="fesTriangle", PolynomialOrder=2, Family="fefUndefined"
FaceDuplication(Name="NegativeInterfaceFor_Surface_10_1", Geometry="Surface_10_1", Direction="ffddNegativeNormal"
ConstructingFeature(Name="Surface_10_1", Geometry="Surface_10_1", Shape="fesTriangle", PolynomialOrder=2, Family="fefUndefined"
FaceDuplication(Name="NegativeInterfaceFor_Surface_12_1", Geometry="Surface_12_1", Direction="ffddNegativeNormal"
ConstructingFeature(Name="Surface_12_1", Geometry="Surface_12_1", Shape="fesTriangle", PolynomialOrder=2, Family="fefUndefined"
ConstructingFeature(Name="Surface_23_1", Geometry="Surface_23_1", Shape="fesTriangle", PolynomialOrder=2, Family="fefUndefined"
ConstructingFeature(Name="BoreholeVolume_2_1", Geometry="BoreholeVolume_2_1", Shape="fesTetrahedron", PolynomialOrder=2, Family="fefUndefined"
ConstructingFeature(Name="Surface_34_2", Geometry="Surface_34_2", Shape="fesTriangle", PolynomialOrder=2, Family="fefUndefined"
ConstructingFeature(Name="Surface_19_2", Geometry="Surface_19_2", Shape="fesTriangle", PolynomialOrder=2, Family="fefUndefined"
FaceDuplication(Name="NegativeInterfaceFor_Surface_10_2", Geometry="Surface_10_2", Direction="ffddNegativeNormal"
ConstructingFeature(Name="Surface_10_2", Geometry="Surface_10_2", Shape="fesTriangle", PolynomialOrder=2, Family="fefUndefined"
ConstructingFeature(Name="BoreholeVolume_2_Volume_1_1", Geometry="BoreholeVolume_2_Volume_1_1", Shape="fesTetrahedron", PolynomialOrder=2, Family="fefUndefined"
ConstructingFeature(Name="BoreholeVolume_2_Volume_13_1", Geometry="BoreholeVolume_2_Volume_13_1", Shape="fesTetrahedron", PolynomialOrder=2, Family="fefUndefined"
ConstructingFeature(Name="BoreholeVolume_2_Volume_19_1", Geometry="BoreholeVolume_2_Volume_19_1", Shape="fesTetrahedron", PolynomialOrder=2, Family="fefUndefined"
ConstructingFeature(Name="BoreholeVolume_2_Volume_2_1", Geometry="BoreholeVolume_2_Volume_2_1", Shape="fesTetrahedron", PolynomialOrder=2, Family="fefUndefined"
ConstructingFeature(Name="BoreholeVolume_2_Volume_6_1", Geometry="BoreholeVolume_2_Volume_6_1", Shape="fesTetrahedron", PolynomialOrder=2, Family="fefUndefined"
ConstructingFeature(Name="BoreholeVolume_2_Volume_10_1", Geometry="BoreholeVolume_2_Volume_10_1", Shape="fesTetrahedron", PolynomialOrder=2, Family="fefUndefined"
ConstructingFeature(Name="Surface_36_1", Geometry="Surface_36_1", Shape="fesTriangle", PolynomialOrder=2, Family="fefUndefined"
ConstructingFeature(Name="Surface_20_2", Geometry="Surface_20_2", Shape="fesTriangle", PolynomialOrder=2, Family="fefUndefined"
ConstructingFeature(Name="Surface_22_2", Geometry="Surface_22_2", Shape="fesTriangle", PolynomialOrder=2, Family="fefUndefined"
ConstructingFeature(Name="Surface_26_2", Geometry="Surface_26_2", Shape="fesTriangle", PolynomialOrder=2, Family="fefUndefined"
ConstructingFeature(Name="Surface_30_2", Geometry="Surface_30_2", Shape="fesTriangle", PolynomialOrder=2, Family="fefUndefined"
ConstructingFeature(Name="Surface_37_1", Geometry="Surface_37_1", Shape="fesTriangle", PolynomialOrder=2, Family="fefUndefined"
ConstructingFeature(Name="Surface_28_1", Geometry="Surface_28_1", Shape="fesTriangle", PolynomialOrder=2, Family="fefUndefined"
ConstructingFeature(Name="Surface_27_2", Geometry="Surface_27_2", Shape="fesTriangle", PolynomialOrder=2, Family="fefUndefined"
ConstructingFeature(Name="Surface_31_2", Geometry="Surface_31_2", Shape="fesTriangle", PolynomialOrder=2, Family="fefUndefined"
ConstructingFeature(Name="Surface_35_2", Geometry="Surface_35_2", Shape="fesTriangle", PolynomialOrder=2, Family="fefUndefined"
=====================================================
==================== Geometries =====================
=====================================================
Name="Surface_1_1"
Name="Surface_2_1"
Name="Surface_3_1"
Name="Surface_4_1"
Name="Surface_5_1"
Name="Surface_6_1"
Name="Surface_7_1"
Name="Surface_8_1"
Name="Surface_9_1"
Name="Surface_10_1"
Name="Surface_11_1"
Name="Surface_12_1"
Name="Surface_13_1"
Name="Surface_15_1"
Name="Surface_17_1"
Name="Surface_19_1"
Name="Surface_21_1"
Name="Surface_23_1"
Name="Surface_25_1"
Name="Surface_27_1"
Name="Surface_29_1"
Name="Surface_31_1"
Name="Surface_33_1"
Name="Surface_35_1"
Name="Surface_37_1"
Name="Surface_14_1"
Name="Surface_16_1"
Name="Surface_18_1"
Name="Surface_20_1"
Name="Surface_22_1"
Name="Surface_24_1"
Name="Surface_26_1"
Name="Surface_28_1"
Name="Surface_30_1"
Name="Surface_32_1"
Name="Surface_34_1"
Name="Surface_36_1"
Name="Surface_38_1"
Name="Surface_14_2"
Name="Surface_16_2"
Name="Surface_18_2"
Name="Surface_20_2"
Name="Surface_22_2"
Name="Surface_24_2"
Name="Surface_26_2"
Name="Surface_28_2"
Name="Surface_30_2"
Name="Surface_32_2"
Name="Surface_34_2"
Name="Surface_36_2"
Name="Surface_38_2"
Name="Surface_13_2"
Name="Surface_15_2"
Name="Surface_17_2"
Name="Surface_19_2"
Name="Surface_21_2"
Name="Surface_23_2"
Name="Surface_25_2"
Name="Surface_27_2"
Name="Surface_29_2"
Name="Surface_31_2"
Name="Surface_33_2"
Name="Surface_35_2"
Name="Surface_37_2"
Name="Surface_1_2"
Name="Surface_2_2"
Name="Surface_3_2"
Name="Surface_4_2"
Name="Surface_5_2"
Name="Surface_6_2"
Name="Surface_7_2"
Name="Surface_8_2"
Name="Surface_9_2"
Name="Surface_10_2"
Name="Surface_11_2"
Name="Surface_12_2"
Name="BoreholeVolume_1_1"
Name="BoreholeVolume_2_1"
Name="BoreholeVolume_2_Volume_1_1"
Name="BoreholeVolume_2_Volume_3_1"
Name="BoreholeVolume_2_Volume_5_1"
Name="BoreholeVolume_2_Volume_7_1"
Name="BoreholeVolume_2_Volume_9_1"
Name="BoreholeVolume_2_Volume_11_1"
Name="BoreholeVolume_2_Volume_13_1"
Name="BoreholeVolume_2_Volume_15_1"
Name="BoreholeVolume_2_Volume_17_1"
Name="BoreholeVolume_2_Volume_19_1"
Name="BoreholeVolume_2_Volume_21_1"
Name="BoreholeVolume_2_Volume_23_1"
Name="BoreholeVolume_2_Volume_2_1"
Name="BoreholeVolume_2_Volume_4_1"
Name="BoreholeVolume_2_Volume_6_1"
Name="BoreholeVolume_2_Volume_8_1"
Name="BoreholeVolume_2_Volume_10_1"
Name="BoreholeVolume_2_Volume_12_1"
Name="BoreholeVolume_2_Volume_14_1"
Name="BoreholeVolume_2_Volume_16_1"
Name="BoreholeVolume_2_Volume_18_1"
Name="BoreholeVolume_2_Volume_20_1"
Name="BoreholeVolume_2_Volume_22_1"
Name="BoreholeVolume_2_Volume_24_1"
Name="BoreholeVolume_3_Volume_2_1"
Name="BoreholeVolume_3_Volume_4_1"
Name="BoreholeVolume_3_Volume_6_1"
Name="BoreholeVolume_3_Volume_8_1"
Name="BoreholeVolume_3_Volume_10_1"
Name="BoreholeVolume_3_Volume_12_1"
Name="BoreholeVolume_3_Volume_14_1"
Name="BoreholeVolume_3_Volume_16_1"
Name="BoreholeVolume_3_Volume_18_1"
Name="BoreholeVolume_3_Volume_20_1"
Name="BoreholeVolume_3_Volume_22_1"
Name="BoreholeVolume_3_Volume_24_1"
Name="BoreholeVolume_3_Volume_1_1"
Name="BoreholeVolume_3_Volume_3_1"
Name="BoreholeVolume_3_Volume_5_1"
Name="BoreholeVolume_3_Volume_7_1"
Name="BoreholeVolume_3_Volume_9_1"
Name="BoreholeVolume_3_Volume_11_1"
Name="BoreholeVolume_3_Volume_13_1"
Name="BoreholeVolume_3_Volume_15_1"
Name="BoreholeVolume_3_Volume_17_1"
Name="BoreholeVolume_3_Volume_19_1"
Name="BoreholeVolume_3_Volume_21_1"
Name="BoreholeVolume_3_Volume_23_1"
Name="BoreholeVolume_3_1"


=====================================================
===================== Features ======================
=====================================================
FaceDuplication(Name="NegativeInterfaceFor_Surface_2_2", Geometry="Surface_2_2", Direction="ffddNegativeNormal"
ConstructingFeature(Name="Surface_2_2", Geometry="Surface_2_2", Shape="fesTriangle", PolynomialOrder=2, Family="fefUndefined"
FaceDuplication(Name="NegativeInterfaceFor_Surface_5_2", Geometry="Surface_5_2", Direction="ffddNegativeNormal"
ConstructingFeature(Name="Surface_5_2", Geometry="Surface_5_2", Shape="fesTriangle", PolynomialOrder=2, Family="fefUndefined"
ConstructingFeature(Name="Surface_32_1", Geometry="Surface_32_1", Shape="fesTriangle", PolynomialOrder=2, Family="fefUndefined"
FaceDuplication(Name="NegativeInterfaceFor_Surface_1_1", Geometry="Surface_1_1", Direction="ffddNegativeNormal"
ConstructingFeature(Name="Surface_1_1", Geometry="Surface_1_1", Shape="fesTriangle", PolynomialOrder=2, Family="fefUndefined"
FaceDuplication(Name="NegativeInterfaceFor_Surface_3_1", Geometry="Surface_3_1", Direction="ffddNegativeNormal"
ConstructingFeature(Name="Surface_3_1", Geometry="Surface_3_1", Shape="fesTriangle", PolynomialOrder=2, Family="fefUndefined"
ConstructingFeature(Name="BoreholeVolume_3_Volume_2_1", Geometry="BoreholeVolume_3_Volume_2_1", Shape="fesTetrahedron", PolynomialOrder=2, Family="fefUndefined"
ConstructingFeature(Name="BoreholeVolume_3_Volume_6_1", Geometry="BoreholeVolume_3_Volume_6_1", Shape="fesTetrahedron", PolynomialOrder=2, Family="fefUndefined"
ConstructingFeature(Name="BoreholeVolume_3_Volume_3_1", Geometry="BoreholeVolume_3_Volume_3_1", Shape="fesTetrahedron", PolynomialOrder=2, Family="fefUndefined"
ConstructingFeature(Name="BoreholeVolume_3_Volume_7_1", Geometry="BoreholeVolume_3_Volume_7_1", Shape="fesTetrahedron", PolynomialOrder=2, Family="fefUndefined"
FaceDuplication(Name="NegativeInterfaceFor_Surface_9_1", Geometry="Surface_9_1", Direction="ffddNegativeNormal"
ConstructingFeature(Name="Surface_9_1", Geometry="Surface_9_1", Shape="fesTriangle", PolynomialOrder=2, Family="fefUndefined"
FaceDuplication(Name="NegativeInterfaceFor_Surface_5_1", Geometry="Surface_5_1", Direction="ffddNegativeNormal"
ConstructingFeature(Name="Surface_5_1", Geometry="Surface_5_1", Shape="fesTriangle", PolynomialOrder=2, Family="fefUndefined"
ConstructingFeature(Name="Surface_13_1", Geometry="Surface_13_1", Shape="fesTriangle", PolynomialOrder=2, Family="fefUndefined"
ConstructingFeature(Name="Surface_25_1", Geometry="Surface_25_1", Shape="fesTriangle", PolynomialOrder=2, Family="fefUndefined"
ConstructingFeature(Name="BoreholeVolume_1_1", Geometry="BoreholeVolume_1_1", Shape="fesTetrahedron", PolynomialOrder=2, Family="fefUndefined"
ConstructingFeature(Name="Surface_16_2", Geometry="Surface_16_2", Shape="fesTriangle", PolynomialOrder=2, Family="fefUndefined"
ConstructingFeature(Name="Surface_24_2", Geometry="Surface_24_2", Shape="fesTriangle", PolynomialOrder=2, Family="fefUndefined"
ConstructingFeature(Name="Surface_33_1", Geometry="Surface_33_1", Shape="fesTriangle", PolynomialOrder=2, Family="fefUndefined"
ConstructingFeature(Name="Surface_35_1", Geometry="Surface_35_1", Shape="fesTriangle", PolynomialOrder=2, Family="fefUndefined"
ConstructingFeature(Name="Surface_14_1", Geometry="Surface_14_1", Shape="fesTriangle", PolynomialOrder=2, Family="fefUndefined"
ConstructingFeature(Name="Surface_18_1", Geometry="Surface_18_1", Shape="fesTriangle", PolynomialOrder=2, Family="fefUndefined"
ConstructingFeature(Name="Surface_22_1", Geometry="Surface_22_1", Shape="fesTriangle", PolynomialOrder=2, Family="fefUndefined"
ConstructingFeature(Name="Surface_13_2", Geometry="Surface_13_2", Shape="fesTriangle", PolynomialOrder=2, Family="fefUndefined"
ConstructingFeature(Name="Surface_17_2", Geometry="Surface_17_2", Shape="fesTriangle", PolynomialOrder=2, Family="fefUndefined"
ConstructingFeature(Name="Surface_23_2", Geometry="Surface_23_2", Shape="fesTriangle", PolynomialOrder=2, Family="fefUndefined"
FaceDuplication(Name="NegativeInterfaceFor_Surface_11_2", Geometry="Surface_11_2", Direction="ffddNegativeNormal"
ConstructingFeature(Name="Surface_11_2", Geometry="Surface_11_2", Shape="fesTriangle", PolynomialOrder=2, Family="fefUndefined"
ConstructingFeature(Name="BoreholeVolume_2_Volume_3_1", Geometry="BoreholeVolume_2_Volume_3_1", Shape="fesTetrahedron", PolynomialOrder=2, Family="fefUndefined"
ConstructingFeature(Name="BoreholeVolume_2_Volume_17_1", Geometry="BoreholeVolume_2_Volume_17_1", Shape="fesTetrahedron", PolynomialOrder=2, Family="fefUndefined"
ConstructingFeature(Name="BoreholeVolume_2_Volume_12_1", Geometry="BoreholeVolume_2_Volume_12_1", Shape="fesTetrahedron", PolynomialOrder=2, Family="fefUndefined"
ConstructingFeature(Name="BoreholeVolume_2_Volume_16_1", Geometry="BoreholeVolume_2_Volume_16_1", Shape="fesTetrahedron", PolynomialOrder=2, Family="fefUndefined"
ConstructingFeature(Name="BoreholeVolume_2_Volume_20_1", Geometry="BoreholeVolume_2_Volume_20_1", Shape="fesTetrahedron", PolynomialOrder=2, Family="fefUndefined"
FaceDuplication(Name="NegativeInterfaceFor_Surface_1_2", Geometry="Surface_1_2", Direction="ffddNegativeNormal"
ConstructingFeature(Name="Surface_1_2", Geometry="Surface_1_2", Shape="fesTriangle", PolynomialOrder=2, Family="fefUndefined"
FaceDuplication(Name="NegativeInterfaceFor_Surface_7_2", Geometry="Surface_7_2", Direction="ffddNegativeNormal"
ConstructingFeature(Name="Surface_7_2", Geometry="Surface_7_2", Shape="fesTriangle", PolynomialOrder=2, Family="fefUndefined"
ConstructingFeature(Name="BoreholeVolume_2_Volume_24_1", Geometry="BoreholeVolume_2_Volume_24_1", Shape="fesTetrahedron", PolynomialOrder=2, Family="fefUndefined"
ConstructingFeature(Name="BoreholeVolume_3_Volume_12_1", Geometry="BoreholeVolume_3_Volume_12_1", Shape="fesTetrahedron", PolynomialOrder=2, Family="fefUndefined"
ConstructingFeature(Name="BoreholeVolume_3_Volume_16_1", Geometry="BoreholeVolume_3_Volume_16_1", Shape="fesTetrahedron", PolynomialOrder=2, Family="fefUndefined"
ConstructingFeature(Name="BoreholeVolume_3_Volume_20_1", Geometry="BoreholeVolume_3_Volume_20_1", Shape="fesTetrahedron", PolynomialOrder=2, Family="fefUndefined"
ConstructingFeature(Name="BoreholeVolume_3_Volume_24_1", Geometry="BoreholeVolume_3_Volume_24_1", Shape="fesTetrahedron", PolynomialOrder=2, Family="fefUndefined"
ConstructingFeature(Name="BoreholeVolume_3_Volume_13_1", Geometry="BoreholeVolume_3_Volume_13_1", Shape="fesTetrahedron", PolynomialOrder=2, Family="fefUndefined"
ConstructingFeature(Name="BoreholeVolume_3_Volume_17_1", Geometry="BoreholeVolume_3_Volume_17_1", Shape="fesTetrahedron", PolynomialOrder=2, Family="fefUndefined"
ConstructingFeature(Name="BoreholeVolume_3_Volume_21_1", Geometry="BoreholeVolume_3_Volume_21_1", Shape="fesTetrahedron", PolynomialOrder=2, Family="fefUndefined"
FaceDuplication(Name="NegativeInterfaceFor_Surface_8_1", Geometry="Surface_8_1", Direction="ffddNegativeNormal"
ConstructingFeature(Name="Surface_8_1", Geometry="Surface_8_1", Shape="fesTriangle", PolynomialOrder=2, Family="fefUndefined"
FaceDuplication(Name="NegativeInterfaceFor_Surface_11_1", Geometry="Surface_11_1", Direction="ffddNegativeNormal"
ConstructingFeature(Name="Surface_11_1", Geometry="Surface_11_1", Shape="fesTriangle", PolynomialOrder=2, Family="fefUndefined"
ConstructingFeature(Name="Surface_17_1", Geometry="Surface_17_1", Shape="fesTriangle", PolynomialOrder=2, Family="fefUndefined"
ConstructingFeature(Name="Surface_21_1", Geometry="Surface_21_1", Shape="fesTriangle", PolynomialOrder=2, Family="fefUndefined"
ConstructingFeature(Name="Surface_36_2", Geometry="Surface_36_2", Shape="fesTriangle", PolynomialOrder=2, Family="fefUndefined"
FaceDuplication(Name="NegativeInterfaceFor_Surface_8_2", Geometry="Surface_8_2", Direction="ffddNegativeNormal"
ConstructingFeature(Name="Surface_8_2", Geometry="Surface_8_2", Shape="fesTriangle", PolynomialOrder=2, Family="fefUndefined"
FaceDuplication(Name="NegativeInterfaceFor_Surface_12_2", Geometry="Surface_12_2", Direction="ffddNegativeNormal"
ConstructingFeature(Name="Surface_12_2", Geometry="Surface_12_2", Shape="fesTriangle", PolynomialOrder=2, Family="fefUndefined"
ConstructingFeature(Name="BoreholeVolume_2_Volume_7_1", Geometry="BoreholeVolume_2_Volume_7_1", Shape="fesTetrahedron", PolynomialOrder=2, Family="fefUndefined"
ConstructingFeature(Name="BoreholeVolume_2_Volume_11_1", Geometry="BoreholeVolume_2_Volume_11_1", Shape="fesTetrahedron", PolynomialOrder=2, Family="fefUndefined"
ConstructingFeature(Name="BoreholeVolume_2_Volume_21_1", Geometry="BoreholeVolume_2_Volume_21_1", Shape="fesTetrahedron", PolynomialOrder=2, Family="fefUndefined"
ConstructingFeature(Name="BoreholeVolume_2_Volume_23_1", Geometry="BoreholeVolume_2_Volume_23_1", Shape="fesTetrahedron", PolynomialOrder=2, Family="fefUndefined"
ConstructingFeature(Name="BoreholeVolume_2_Volume_4_1", Geometry="BoreholeVolume_2_Volume_4_1", Shape="fesTetrahedron", PolynomialOrder=2, Family="fefUndefined"
ConstructingFeature(Name="BoreholeVolume_2_Volume_8_1", Geometry="BoreholeVolume_2_Volume_8_1", Shape="fesTetrahedron", PolynomialOrder=2, Family="fefUndefined"
ConstructingFeature(Name="Surface_34_1", Geometry="Surface_34_1", Shape="fesTriangle", PolynomialOrder=2, Family="fefUndefined"
ConstructingFeature(Name="Surface_38_1", Geometry="Surface_38_1", Shape="fesTriangle", PolynomialOrder=2, Family="fefUndefined"
ConstructingFeature(Name="Surface_28_2", Geometry="Surface_28_2", Shape="fesTriangle", PolynomialOrder=2, Family="fefUndefined"
ConstructingFeature(Name="Surface_32_2", Geometry="Surface_32_2", Shape="fesTriangle", PolynomialOrder=2, Family="fefUndefined"
ConstructingFeature(Name="Surface_27_1", Geometry="Surface_27_1", Shape="fesTriangle", PolynomialOrder=2, Family="fefUndefined"
ConstructingFeature(Name="Surface_31_1", Geometry="Surface_31_1", Shape="fesTriangle", PolynomialOrder=2, Family="fefUndefined"
ConstructingFeature(Name="Surface_26_1", Geometry="Surface_26_1", Shape="fesTriangle", PolynomialOrder=2, Family="fefUndefined"
ConstructingFeature(Name="Surface_25_2", Geometry="Surface_25_2", Shape="fesTriangle", PolynomialOrder=2, Family="fefUndefined"
ConstructingFeature(Name="Surface_29_2", Geometry="Surface_29_2", Shape="fesTriangle", PolynomialOrder=2, Family="fefUndefined"
ConstructingFeature(Name="Surface_33_2", Geometry="Surface_33_2", Shape="fesTriangle", PolynomialOrder=2, Family="fefUndefined"
ConstructingFeature(Name="Surface_37_2", Geometry="Surface_37_2", Shape="fesTriangle", PolynomialOrder=2, Family="fefUndefined"
FaceDuplication(Name="NegativeInterfaceFor_Surface_4_2", Geometry="Surface_4_2", Direction="ffddNegativeNormal"
ConstructingFeature(Name="Surface_4_2", Geometry="Surface_4_2", Shape="fesTriangle", PolynomialOrder=2, Family="fefUndefined"
ConstructingFeature(Name="Surface_30_1", Geometry="Surface_30_1", Shape="fesTriangle", PolynomialOrder=2, Family="fefUndefined"
FaceDuplication(Name="NegativeInterfaceFor_Surface_2_1", Geometry="Surface_2_1", Direction="ffddNegativeNormal"
ConstructingFeature(Name="Surface_2_1", Geometry="Surface_2_1", Shape="fesTriangle", PolynomialOrder=2, Family="fefUndefined"
ConstructingFeature(Name="BoreholeVolume_3_Volume_4_1", Geometry="BoreholeVolume_3_Volume_4_1", Shape="fesTetrahedron", PolynomialOrder=2, Family="fefUndefined"
ConstructingFeature(Name="BoreholeVolume_3_Volume_10_1", Geometry="BoreholeVolume_3_Volume_10_1", Shape="fesTetrahedron", PolynomialOrder=2, Family="fefUndefined"
ConstructingFeature(Name="BoreholeVolume_3_Volume_1_1", Geometry="BoreholeVolume_3_Volume_1_1", Shape="fesTetrahedron", PolynomialOrder=2, Family="fefUndefined"
ConstructingFeature(Name="BoreholeVolume_3_Volume_5_1", Geometry="BoreholeVolume_3_Volume_5_1", Shape="fesTetrahedron", PolynomialOrder=2, Family="fefUndefined"
ConstructingFeature(Name="BoreholeVolume_3_Volume_9_1", Geometry="BoreholeVolume_3_Volume_9_1", Shape="fesTetrahedron", PolynomialOrder=2, Family="fefUndefined"
FaceDuplication(Name="NegativeInterfaceFor_Surface_4_1", Geometry="Surface_4_1", Direction="ffddNegativeNormal"
ConstructingFeature(Name="Surface_4_1", Geometry="Surface_4_1", Shape="fesTriangle", PolynomialOrder=2, Family="fefUndefined"
FaceDuplication(Name="NegativeInterfaceFor_Surface_6_1", Geometry="Surface_6_1", Direction="ffddNegativeNormal"
ConstructingFeature(Name="Surface_6_1", Geometry="Surface_6_1", Shape="fesTriangle", PolynomialOrder=2, Family="fefUndefined"
ConstructingFeature(Name="Surface_15_1", Geometry="Surface_15_1", Shape="fesTriangle", PolynomialOrder=2, Family="fefUndefined"
ConstructingFeature(Name="Surface_19_1", Geometry="Surface_19_1", Shape="fesTriangle", PolynomialOrder=2, Family="fefUndefined"
ConstructingFeature(Name="Surface_14_2", Geometry="Surface_14_2", Shape="fesTriangle", PolynomialOrder=2, Family="fefUndefined"
ConstructingFeature(Name="Surface_18_2", Geometry="Surface_18_2", Shape="fesTriangle", PolynomialOrder=2, Family="fefUndefined"
ConstructingFeature(Name="Surface_29_1", Geometry="Surface_29_1", Shape="fesTriangle", PolynomialOrder=2, Family="fefUndefined"
ConstructingFeature(Name="Surface_16_1", Geometry="Surface_16_1", Shape="fesTriangle", PolynomialOrder=2, Family="fefUndefined"
ConstructingFeature(Name="Surface_20_1", Geometry="Surface_20_1", Shape="fesTriangle", PolynomialOrder=2, Family="fefUndefined"
ConstructingFeature(Name="Surface_24_1", Geometry="Surface_24_1", Shape="fesTriangle", PolynomialOrder=2, Family="fefUndefined"
ConstructingFeature(Name="Surface_38_2", Geometry="Surface_38_2", Shape="fesTriangle", PolynomialOrder=2, Family="fefUndefined"
ConstructingFeature(Name="Surface_15_2", Geometry="Surface_15_2", Shape="fesTriangle", PolynomialOrder=2, Family="fefUndefined"
ConstructingFeature(Name="Surface_21_2", Geometry="Surface_21_2", Shape="fesTriangle", PolynomialOrder=2, Family="fefUndefined"
FaceDuplication(Name="NegativeInterfaceFor_Surface_9_2", Geometry="Surface_9_2", Direction="ffddNegativeNormal"
ConstructingFeature(Name="Surface_9_2", Geometry="Surface_9_2", Shape="fesTriangle", PolynomialOrder=2, Family="fefUndefined"
ConstructingFeature(Name="BoreholeVolume_2_Volume_5_1", Geometry="BoreholeVolume_2_Volume_5_1", Shape="fesTetrahedron", PolynomialOrder=2, Family="fefUndefined"
ConstructingFeature(Name="BoreholeVolume_2_Volume_9_1", Geometry="BoreholeVolume_2_Volume_9_1", Shape="fesTetrahedron", PolynomialOrder=2, Family="fefUndefined"
ConstructingFeature(Name="BoreholeVolume_2_Volume_15_1", Geometry="BoreholeVolume_2_Volume_15_1", Shape="fesTetrahedron", PolynomialOrder=2, Family="fefUndefined"
ConstructingFeature(Name="BoreholeVolume_2_Volume_14_1", Geometry="BoreholeVolume_2_Volume_14_1", Shape="fesTetrahedron", PolynomialOrder=2, Family="fefUndefined"
ConstructingFeature(Name="BoreholeVolume_2_Volume_18_1", Geometry="BoreholeVolume_2_Volume_18_1", Shape="fesTetrahedron", PolynomialOrder=2, Family="fefUndefined"
ConstructingFeature(Name="BoreholeVolume_2_Volume_22_1", Geometry="BoreholeVolume_2_Volume_22_1", Shape="fesTetrahedron", PolynomialOrder=2, Family="fefUndefined"
FaceDuplication(Name="NegativeInterfaceFor_Surface_3_2", Geometry="Surface_3_2", Direction="ffddNegativeNormal"
ConstructingFeature(Name="Surface_3_2", Geometry="Surface_3_2", Shape="fesTriangle", PolynomialOrder=2, Family="fefUndefined"
FaceDuplication(Name="NegativeInterfaceFor_Surface_6_2", Geometry="Surface_6_2", Direction="ffddNegativeNormal"
ConstructingFeature(Name="Surface_6_2", Geometry="Surface_6_2", Shape="fesTriangle", PolynomialOrder=2, Family="fefUndefined"
ConstructingFeature(Name="BoreholeVolume_3_Volume_8_1", Geometry="BoreholeVolume_3_Volume_8_1", Shape="fesTetrahedron", PolynomialOrder=2, Family="fefUndefined"
ConstructingFeature(Name="BoreholeVolume_3_Volume_14_1", Geometry="BoreholeVolume_3_Volume_14_1", Shape="fesTetrahedron", PolynomialOrder=2, Family="fefUndefined"
ConstructingFeature(Name="BoreholeVolume_3_Volume_18_1", Geometry="BoreholeVolume_3_Volume_18_1", Shape="fesTetrahedron", PolynomialOrder=2, Family="fefUndefined"
ConstructingFeature(Name="BoreholeVolume_3_Volume_22_1", Geometry="BoreholeVolume_3_Volume_22_1", Shape="fesTetrahedron", PolynomialOrder=2, Family="fefUndefined"
ConstructingFeature(Name="BoreholeVolume_3_Volume_11_1", Geometry="BoreholeVolume_3_Volume_11_1", Shape="fesTetrahedron", PolynomialOrder=2, Family="fefUndefined"
ConstructingFeature(Name="BoreholeVolume_3_Volume_15_1", Geometry="BoreholeVolume_3_Volume_15_1", Shape="fesTetrahedron", PolynomialOrder=2, Family="fefUndefined"
ConstructingFeature(Name="BoreholeVolume_3_Volume_19_1", Geometry="BoreholeVolume_3_Volume_19_1", Shape="fesTetrahedron", PolynomialOrder=2, Family="fefUndefined"
ConstructingFeature(Name="BoreholeVolume_3_Volume_23_1", Geometry="BoreholeVolume_3_Volume_23_1", Shape="fesTetrahedron", PolynomialOrder=2, Family="fefUndefined"
ConstructingFeature(Name="BoreholeVolume_3_1", Geometry="BoreholeVolume_3_1", Shape="fesTetrahedron", PolynomialOrder=2, Family="fefUndefined"
FaceDuplication(Name="NegativeInterfaceFor_Surface_7_1", Geometry="Surface_7_1", Direction="ffddNegativeNormal"
ConstructingFeature(Name="Surface_7_1", Geometry="Surface_7_1", Shape="fesTriangle", PolynomialOrder=2, Family="fefUndefined"
FaceDuplication(Name="NegativeInterfaceFor_Surface_10_1", Geometry="Surface_10_1", Direction="ffddNegativeNormal"
ConstructingFeature(Name="Surface_10_1", Geometry="Surface_10_1", Shape="fesTriangle", PolynomialOrder=2, Family="fefUndefined"
FaceDuplication(Name="NegativeInterfaceFor_Surface_12_1", Geometry="Surface_12_1", Direction="ffddNegativeNormal"
ConstructingFeature(Name="Surface_12_1", Geometry="Surface_12_1", Shape="fesTriangle", PolynomialOrder=2, Family="fefUndefined"
ConstructingFeature(Name="Surface_23_1", Geometry="Surface_23_1", Shape="fesTriangle", PolynomialOrder=2, Family="fefUndefined"
ConstructingFeature(Name="BoreholeVolume_2_1", Geometry="BoreholeVolume_2_1", Shape="fesTetrahedron", PolynomialOrder=2, Family="fefUndefined"
ConstructingFeature(Name="Surface_34_2", Geometry="Surface_34_2", Shape="fesTriangle", PolynomialOrder=2, Family="fefUndefined"
ConstructingFeature(Name="Surface_19_2", Geometry="Surface_19_2", Shape="fesTriangle", PolynomialOrder=2, Family="fefUndefined"
FaceDuplication(Name="NegativeInterfaceFor_Surface_10_2", Geometry="Surface_10_2", Direction="ffddNegativeNormal"
ConstructingFeature(Name="Surface_10_2", Geometry="Surface_10_2", Shape="fesTriangle", PolynomialOrder=2, Family="fefUndefined"
ConstructingFeature(Name="BoreholeVolume_2_Volume_1_1", Geometry="BoreholeVolume_2_Volume_1_1", Shape="fesTetrahedron", PolynomialOrder=2, Family="fefUndefined"
ConstructingFeature(Name="BoreholeVolume_2_Volume_13_1", Geometry="BoreholeVolume_2_Volume_13_1", Shape="fesTetrahedron", PolynomialOrder=2, Family="fefUndefined"
ConstructingFeature(Name="BoreholeVolume_2_Volume_19_1", Geometry="BoreholeVolume_2_Volume_19_1", Shape="fesTetrahedron", PolynomialOrder=2, Family="fefUndefined"
ConstructingFeature(Name="BoreholeVolume_2_Volume_2_1", Geometry="BoreholeVolume_2_Volume_2_1", Shape="fesTetrahedron", PolynomialOrder=2, Family="fefUndefined"
ConstructingFeature(Name="BoreholeVolume_2_Volume_6_1", Geometry="BoreholeVolume_2_Volume_6_1", Shape="fesTetrahedron", PolynomialOrder=2, Family="fefUndefined"
ConstructingFeature(Name="BoreholeVolume_2_Volume_10_1", Geometry="BoreholeVolume_2_Volume_10_1", Shape="fesTetrahedron", PolynomialOrder=2, Family="fefUndefined"
ConstructingFeature(Name="Surface_36_1", Geometry="Surface_36_1", Shape="fesTriangle", PolynomialOrder=2, Family="fefUndefined"
ConstructingFeature(Name="Surface_20_2", Geometry="Surface_20_2", Shape="fesTriangle", PolynomialOrder=2, Family="fefUndefined"
ConstructingFeature(Name="Surface_22_2", Geometry="Surface_22_2", Shape="fesTriangle", PolynomialOrder=2, Family="fefUndefined"
ConstructingFeature(Name="Surface_26_2", Geometry="Surface_26_2", Shape="fesTriangle", PolynomialOrder=2, Family="fefUndefined"
ConstructingFeature(Name="Surface_30_2", Geometry="Surface_30_2", Shape="fesTriangle", PolynomialOrder=2, Family="fefUndefined"
ConstructingFeature(Name="Surface_37_1", Geometry="Surface_37_1", Shape="fesTriangle", PolynomialOrder=2, Family="fefUndefined"
ConstructingFeature(Name="Surface_28_1", Geometry="Surface_28_1", Shape="fesTriangle", PolynomialOrder=2, Family="fefUndefined"
ConstructingFeature(Name="Surface_27_2", Geometry="Surface_27_2", Shape="fesTriangle", PolynomialOrder=2, Family="fefUndefined"
ConstructingFeature(Name="Surface_31_2", Geometry="Surface_31_2", Shape="fesTriangle", PolynomialOrder=2, Family="fefUndefined"
ConstructingFeature(Name="Surface_35_2", Geometry="Surface_35_2", Shape="fesTriangle", PolynomialOrder=2, Family="fefUndefined"


=====================================================
[Actions]
Creating mesh to output file "C:\Users\LENOVO\AppData\Local\Temp\PLAXIS~1\data.IMProOutput"
Mesh result written to output file "C:\Users\LENOVO\AppData\Local\Temp\PLAXIS~1\data.IMProOutput"
